d:\git_repository_others\freertos\freertos\demo\win32-msvc\x64\debug\vc143.pdb
d:\git_repository_others\freertos\freertos\demo\win32-msvc\x64\debug\pollq.obj
d:\git_repository_others\freertos\freertos\demo\win32-msvc\x64\debug\messagebufferamp.obj
d:\git_repository_others\freertos\freertos\demo\win32-msvc\x64\debug\intsemtest.obj
d:\git_repository_others\freertos\freertos\demo\win32-msvc\x64\debug\integer.obj
d:\git_repository_others\freertos\freertos\demo\win32-msvc\x64\debug\genqtest.obj
d:\git_repository_others\freertos\freertos\demo\win32-msvc\x64\debug\flop.obj
d:\git_repository_others\freertos\freertos\demo\win32-msvc\x64\debug\eventgroupsdemo.obj
d:\git_repository_others\freertos\freertos\demo\win32-msvc\x64\debug\dynamic.obj
d:\git_repository_others\freertos\freertos\demo\win32-msvc\x64\debug\death.obj
d:\git_repository_others\freertos\freertos\demo\win32-msvc\x64\debug\countsem.obj
d:\git_repository_others\freertos\freertos\demo\win32-msvc\x64\debug\blocktim.obj
d:\git_repository_others\freertos\freertos\demo\win32-msvc\x64\debug\blockq.obj
d:\git_repository_others\freertos\freertos\demo\win32-msvc\x64\debug\abortdelay.obj
d:\git_repository_others\freertos\freertos\demo\win32-msvc\x64\debug\timers.obj
d:\git_repository_others\freertos\freertos\demo\win32-msvc\x64\debug\stream_buffer.obj
d:\git_repository_others\freertos\freertos\demo\win32-msvc\x64\debug\heap_5.obj
d:\git_repository_others\freertos\freertos\demo\win32-msvc\x64\debug\event_groups.obj
d:\git_repository_others\freertos\freertos\demo\win32-msvc\x64\debug\croutine.obj
d:\git_repository_others\freertos\freertos\demo\win32-msvc\x64\debug\trcsnapshotrecorder.obj
d:\git_repository_others\freertos\freertos\demo\win32-msvc\x64\debug\trckernelport.obj
d:\git_repository_others\freertos\freertos\demo\win32-msvc\x64\debug\main_full.obj
d:\git_repository_others\freertos\freertos\demo\win32-msvc\x64\debug\main_blinky.obj
d:\git_repository_others\freertos\freertos\demo\win32-msvc\x64\debug\tasks.obj
d:\git_repository_others\freertos\freertos\demo\win32-msvc\x64\debug\queue.obj
d:\git_repository_others\freertos\freertos\demo\win32-msvc\x64\debug\port.obj
d:\git_repository_others\freertos\freertos\demo\win32-msvc\x64\debug\list.obj
d:\git_repository_others\freertos\freertos\demo\win32-msvc\x64\debug\main.obj
d:\git_repository_others\freertos\freertos\demo\win32-msvc\x64\debug\timerdemo.obj
d:\git_repository_others\freertos\freertos\demo\win32-msvc\x64\debug\tasknotifyarray.obj
d:\git_repository_others\freertos\freertos\demo\win32-msvc\x64\debug\tasknotify.obj
d:\git_repository_others\freertos\freertos\demo\win32-msvc\x64\debug\streambufferinterrupt.obj
d:\git_repository_others\freertos\freertos\demo\win32-msvc\x64\debug\streambufferdemo.obj
d:\git_repository_others\freertos\freertos\demo\win32-msvc\x64\debug\messagebufferdemo.obj
d:\git_repository_others\freertos\freertos\demo\win32-msvc\x64\debug\staticallocation.obj
d:\git_repository_others\freertos\freertos\demo\win32-msvc\x64\debug\semtest.obj
d:\git_repository_others\freertos\freertos\demo\win32-msvc\x64\debug\recmutex.obj
d:\git_repository_others\freertos\freertos\demo\win32-msvc\x64\debug\queuesetpolling.obj
d:\git_repository_others\freertos\freertos\demo\win32-msvc\x64\debug\queueset.obj
d:\git_repository_others\freertos\freertos\demo\win32-msvc\x64\debug\queueoverwrite.obj
d:\git_repository_others\freertos\freertos\demo\win32-msvc\x64\debug\qpeek.obj
d:\git_repository_others\freertos\freertos\demo\win32-msvc\x64\debug\run-time-stats-utils.obj
d:\git_repository_others\freertos\freertos\demo\win32-msvc\x64\debug\messagepassertest.obj
d:\git_repository_others\freertos\freertos\demo\win32-msvc\x64\debug\messagepasserlib.obj
d:\git_repository\embedded_lab\thirdparty\어치\freertos\demo\win32-msvc\x64\debug\vc143.pdb
d:\git_repository\embedded_lab\thirdparty\어치\freertos\demo\win32-msvc\x64\debug\pollq.obj
d:\git_repository\embedded_lab\thirdparty\어치\freertos\demo\win32-msvc\x64\debug\messagebufferamp.obj
d:\git_repository\embedded_lab\thirdparty\어치\freertos\demo\win32-msvc\x64\debug\intsemtest.obj
d:\git_repository\embedded_lab\thirdparty\어치\freertos\demo\win32-msvc\x64\debug\integer.obj
d:\git_repository\embedded_lab\thirdparty\어치\freertos\demo\win32-msvc\x64\debug\genqtest.obj
d:\git_repository\embedded_lab\thirdparty\어치\freertos\demo\win32-msvc\x64\debug\flop.obj
d:\git_repository\embedded_lab\thirdparty\어치\freertos\demo\win32-msvc\x64\debug\eventgroupsdemo.obj
d:\git_repository\embedded_lab\thirdparty\어치\freertos\demo\win32-msvc\x64\debug\dynamic.obj
d:\git_repository\embedded_lab\thirdparty\어치\freertos\demo\win32-msvc\x64\debug\death.obj
d:\git_repository\embedded_lab\thirdparty\어치\freertos\demo\win32-msvc\x64\debug\countsem.obj
d:\git_repository\embedded_lab\thirdparty\어치\freertos\demo\win32-msvc\x64\debug\blocktim.obj
d:\git_repository\embedded_lab\thirdparty\어치\freertos\demo\win32-msvc\x64\debug\blockq.obj
d:\git_repository\embedded_lab\thirdparty\어치\freertos\demo\win32-msvc\x64\debug\abortdelay.obj
d:\git_repository\embedded_lab\thirdparty\어치\freertos\demo\win32-msvc\x64\debug\timers.obj
d:\git_repository\embedded_lab\thirdparty\어치\freertos\demo\win32-msvc\x64\debug\stream_buffer.obj
d:\git_repository\embedded_lab\thirdparty\어치\freertos\demo\win32-msvc\x64\debug\heap_5.obj
d:\git_repository\embedded_lab\thirdparty\어치\freertos\demo\win32-msvc\x64\debug\event_groups.obj
d:\git_repository\embedded_lab\thirdparty\어치\freertos\demo\win32-msvc\x64\debug\croutine.obj
d:\git_repository\embedded_lab\thirdparty\어치\freertos\demo\win32-msvc\x64\debug\trcsnapshotrecorder.obj
d:\git_repository\embedded_lab\thirdparty\어치\freertos\demo\win32-msvc\x64\debug\trckernelport.obj
d:\git_repository\embedded_lab\thirdparty\어치\freertos\demo\win32-msvc\x64\debug\main_full.obj
d:\git_repository\embedded_lab\thirdparty\어치\freertos\demo\win32-msvc\x64\debug\main_blinky.obj
d:\git_repository\embedded_lab\thirdparty\어치\freertos\demo\win32-msvc\x64\debug\tasks.obj
d:\git_repository\embedded_lab\thirdparty\어치\freertos\demo\win32-msvc\x64\debug\queue.obj
d:\git_repository\embedded_lab\thirdparty\어치\freertos\demo\win32-msvc\x64\debug\port.obj
d:\git_repository\embedded_lab\thirdparty\어치\freertos\demo\win32-msvc\x64\debug\list.obj
d:\git_repository\embedded_lab\thirdparty\어치\freertos\demo\win32-msvc\x64\debug\main.obj
d:\git_repository\embedded_lab\thirdparty\어치\freertos\demo\win32-msvc\x64\debug\timerdemo.obj
d:\git_repository\embedded_lab\thirdparty\어치\freertos\demo\win32-msvc\x64\debug\tasknotifyarray.obj
d:\git_repository\embedded_lab\thirdparty\어치\freertos\demo\win32-msvc\x64\debug\tasknotify.obj
d:\git_repository\embedded_lab\thirdparty\어치\freertos\demo\win32-msvc\x64\debug\streambufferinterrupt.obj
d:\git_repository\embedded_lab\thirdparty\어치\freertos\demo\win32-msvc\x64\debug\streambufferdemo.obj
d:\git_repository\embedded_lab\thirdparty\어치\freertos\demo\win32-msvc\x64\debug\messagebufferdemo.obj
d:\git_repository\embedded_lab\thirdparty\어치\freertos\demo\win32-msvc\x64\debug\staticallocation.obj
d:\git_repository\embedded_lab\thirdparty\어치\freertos\demo\win32-msvc\x64\debug\semtest.obj
d:\git_repository\embedded_lab\thirdparty\어치\freertos\demo\win32-msvc\x64\debug\recmutex.obj
d:\git_repository\embedded_lab\thirdparty\어치\freertos\demo\win32-msvc\x64\debug\queuesetpolling.obj
d:\git_repository\embedded_lab\thirdparty\어치\freertos\demo\win32-msvc\x64\debug\queueset.obj
d:\git_repository\embedded_lab\thirdparty\어치\freertos\demo\win32-msvc\x64\debug\queueoverwrite.obj
d:\git_repository\embedded_lab\thirdparty\어치\freertos\demo\win32-msvc\x64\debug\qpeek.obj
d:\git_repository\embedded_lab\thirdparty\어치\freertos\demo\win32-msvc\x64\debug\run-time-stats-utils.obj
d:\git_repository_others\freertos\freertos\demo\win32-msvc\x64\debug\rtosdemo.ilk
d:\git_repository_others\freertos\freertos\demo\win32-msvc\x64\debug\rtosdemo.exe
d:\git_repository_others\freertos\freertos\demo\win32-msvc\x64\debug\rtosdemo.pdb
d:\git_repository\embedded_lab\thirdparty\어치\freertos\demo\win32-msvc\x64\debug\rtosdemo.ilk
d:\git_repository\embedded_lab\thirdparty\어치\freertos\demo\win32-msvc\x64\debug\rtosdemo.exe
d:\git_repository\embedded_lab\thirdparty\어치\freertos\demo\win32-msvc\x64\debug\rtosdemo.pdb
d:\git_repository\embedded_lab\thirdparty\어치\freertos\demo\win32-msvc\x64\debug\messagepasserlib.obj
d:\git_repository\embedded_lab\thirdparty\어치\freertos\demo\win32-msvc\x64\debug\messagepassertest.obj
d:\git_repository\embedded_lab\thirdparty\어치\freertos\demo\win32-msvc\x64\debug\rtosdemo.tlog\cl.command.1.tlog
d:\git_repository\embedded_lab\thirdparty\어치\freertos\demo\win32-msvc\x64\debug\rtosdemo.tlog\cl.read.1.tlog
d:\git_repository\embedded_lab\thirdparty\어치\freertos\demo\win32-msvc\x64\debug\rtosdemo.tlog\cl.write.1.tlog
d:\git_repository\embedded_lab\thirdparty\어치\freertos\demo\win32-msvc\x64\debug\rtosdemo.tlog\link.command.1.tlog
d:\git_repository\embedded_lab\thirdparty\어치\freertos\demo\win32-msvc\x64\debug\rtosdemo.tlog\link.read.1.tlog
d:\git_repository\embedded_lab\thirdparty\어치\freertos\demo\win32-msvc\x64\debug\rtosdemo.tlog\link.write.1.tlog
